2018-01-22 21:40:27 +0000 [MT] Initial pipeline context: <IDEDistributionProcessingPipelineContext: 0x7fc752a54a20; archive(resolved)='<IDEArchive: 0x7fc752873a70>', distributionTask(resolved)='2', distributionMethod(resolved)='<IDEDistributionMethodAdHoc: 0x7fc7528b9060>', team(resolved)='<IDEProvisioningBasicTeam 0x7fc752b04a90: teamID: R4HPJPM5A3, teamName: Xavier Alfeiran Sainz>'>
	Chain (11, self inclusive):
	<IDEDistributionProcessingPipelineContext: 0x7fc752a54a20; archive = '<IDEArchive: 0x7fc752873a70>', distributionMethod='<IDEDistributionMethodAdHoc: 0x7fc7528b9060>', team='<IDEProvisioningBasicTeam 0x7fc752b04a90: teamID: R4HPJPM5A3, teamName: Xavier Alfeiran Sainz>'>
	<IDEDistributionProcessingPipelineContext: 0x7fc752a55790; archive = '<IDEArchive: 0x7fc752873a70>', distributionMethod='<IDEDistributionMethodAdHoc: 0x7fc7528b9060>', team='<IDEProvisioningBasicTeam 0x7fc752b04a90: teamID: R4HPJPM5A3, teamName: Xavier Alfeiran Sainz>'>
	<IDEDistributionContext: 0x7fc7507888b0; archive = '<IDEArchive: 0x7fc752873a70>', distributionMethod='<IDEDistributionMethodAdHoc: 0x7fc7528b9060>', team='<IDEProvisioningBasicTeam 0x7fc752b04a90: teamID: R4HPJPM5A3, teamName: Xavier Alfeiran Sainz>'>
	<IDEDistributionContext: 0x7fc750792410; archive = '<IDEArchive: 0x7fc752873a70>', distributionMethod='<IDEDistributionMethodAdHoc: 0x7fc7528b9060>', team='<IDEProvisioningBasicTeam 0x7fc752b04a90: teamID: R4HPJPM5A3, teamName: Xavier Alfeiran Sainz>'>
	<IDEDistributionContext: 0x7fc75078b730; archive = '<IDEArchive: 0x7fc752873a70>', distributionMethod='<IDEDistributionMethodAdHoc: 0x7fc7528b9060>', team='<IDEProvisioningBasicTeam 0x7fc752b04a90: teamID: R4HPJPM5A3, teamName: Xavier Alfeiran Sainz>'>
	<IDEDistributionContext: 0x7fc7529985e0; archive = '<IDEArchive: 0x7fc752873a70>', distributionMethod='<IDEDistributionMethodAdHoc: 0x7fc7528b9060>', team='<IDEProvisioningBasicTeam 0x7fc752b04a90: teamID: R4HPJPM5A3, teamName: Xavier Alfeiran Sainz>'>
	<IDEDistributionContext: 0x7fc752a4b560; archive = '<IDEArchive: 0x7fc752873a70>', distributionMethod='<IDEDistributionMethodAdHoc: 0x7fc7528b9060>', team='<IDEProvisioningBasicTeam 0x7fc752b04a90: teamID: R4HPJPM5A3, teamName: Xavier Alfeiran Sainz>'>
	<IDEDistributionContext: 0x7fc752b08ce0; archive = '<IDEArchive: 0x7fc752873a70>', distributionMethod='<IDEDistributionMethodAdHoc: 0x7fc7528b9060>', team='<IDEProvisioningBasicTeam 0x7fc752b04a90: teamID: R4HPJPM5A3, teamName: Xavier Alfeiran Sainz>'>
	<IDEDistributionContext: 0x7fc75079d8f0; archive = '<IDEArchive: 0x7fc752873a70>', distributionMethod='<IDEDistributionMethodAdHoc: 0x7fc7528b9060>', team='<IDEProvisioningBasicTeam 0x7fc752b04a90: teamID: R4HPJPM5A3, teamName: Xavier Alfeiran Sainz>'>
	<IDEDistributionContext: 0x7fc74dd953b0; archive = '<IDEArchive: 0x7fc752873a70>', distributionMethod='<IDEDistributionMethodAdHoc: 0x7fc7528b9060>', team='(null)'>
	<IDEDistributionContext: 0x7fc752983430; archive = '<IDEArchive: 0x7fc752873a70>', distributionMethod='(null)', team='(null)'>
</IDEDistributionProcessingPipelineContext: 0x7fc752a54a20>
2018-01-22 21:40:27 +0000 [MT] Processing step: IDEDistributionCreateDestRootStep
2018-01-22 21:40:27 +0000 [MT] Processing step: IDEDistributionCopyItemStep
2018-01-22 21:40:27 +0000 [MT] Running /usr/bin/ditto '-V' '/Users/xavieralfeiran/Documents/Appcelerator_Studio_Workspace/WebCUNOP/build/iphone/WebCUNOP.xcarchive/Products/Applications/WebCUNOP.app' '/var/folders/_5/2zcsntt15ld__mvbthh_mp6c0000gp/T/XcodeDistPipeline.n9O/Root/Payload/WebCUNOP.app'
2018-01-22 21:40:27 +0000  >>> Copying /Users/xavieralfeiran/Documents/Appcelerator_Studio_Workspace/WebCUNOP/build/iphone/WebCUNOP.xcarchive/Products/Applications/WebCUNOP.app 
2018-01-22 21:40:27 +0000  copying file ./_CodeSignature/CodeResources ... 
2018-01-22 21:40:27 +0000  11763 bytes for ./_CodeSignature/CodeResources
2018-01-22 21:40:27 +0000  copying file ./AppIcon29x29@2x.png ... 
2018-01-22 21:40:27 +0000  7177 bytes for ./AppIcon29x29@2x.png
copying file ./AppIcon29x29@2x~ipad.png ... 
2018-01-22 21:40:27 +0000  7177 bytes for ./AppIcon29x29@2x~ipad.png
copying file ./AppIcon29x29@3x.png ... 
2018-01-22 21:40:27 +0000  12958 bytes for ./AppIcon29x29@3x.png
2018-01-22 21:40:27 +0000  copying file ./AppIcon29x29~ipad.png ... 
2018-01-22 21:40:27 +0000  2576 bytes for ./AppIcon29x29~ipad.png
2018-01-22 21:40:27 +0000  copying file ./AppIcon40x40@2x.png ... 
2018-01-22 21:40:27 +0000  11157 bytes for ./AppIcon40x40@2x.png
copying file ./AppIcon40x40@2x~ipad.png ... 
2018-01-22 21:40:27 +0000  11157 bytes for ./AppIcon40x40@2x~ipad.png
2018-01-22 21:40:27 +0000  copying file ./AppIcon40x40@3x.png ... 
2018-01-22 21:40:27 +0000  19550 bytes for ./AppIcon40x40@3x.png
2018-01-22 21:40:27 +0000  copying file ./AppIcon40x40~ipad.png ... 
2018-01-22 21:40:27 +0000  4331 bytes for ./AppIcon40x40~ipad.png
copying file ./AppIcon60x60@2x.png ... 
2018-01-22 21:40:27 +0000  19550 bytes for ./AppIcon60x60@2x.png
copying file ./AppIcon60x60@3x.png ... 
2018-01-22 21:40:27 +0000  33741 bytes for ./AppIcon60x60@3x.png
2018-01-22 21:40:27 +0000  copying file ./AppIcon76x76@2x~ipad.png ... 
2018-01-22 21:40:27 +0000  26447 bytes for ./AppIcon76x76@2x~ipad.png
copying file ./AppIcon76x76~ipad.png ... 
2018-01-22 21:40:27 +0000  10952 bytes for ./AppIcon76x76~ipad.png
copying file ./AppIcon83.5x83.5@2x~ipad.png ... 
2018-01-22 21:40:27 +0000  29485 bytes for ./AppIcon83.5x83.5@2x~ipad.png
2018-01-22 21:40:27 +0000  copying file ./archived-expanded-entitlements.xcent ... 
2018-01-22 21:40:27 +0000  480 bytes for ./archived-expanded-entitlements.xcent
copying file ./Assets.car ... 
2018-01-22 21:40:27 +0000  2495016 bytes for ./Assets.car
copying file ./embedded.mobileprovision ... 
2018-01-22 21:40:27 +0000  9306 bytes for ./embedded.mobileprovision
copying file ./Info.plist ... 
2086 bytes for ./Info.plist
copying file ./iTunesArtwork ... 
111876 bytes for ./iTunesArtwork
copying file ./iTunesArtwork@2x ... 
244698 bytes for ./iTunesArtwork@2x
copying file ./LaunchImage-700-568h@2x.png ... 
610850 bytes for ./LaunchImage-700-568h@2x.png
copying file ./LaunchImage-700-Portrait@2x~ipad.png ... 
1133701 bytes for ./LaunchImage-700-Portrait@2x~ipad.png
copying file ./LaunchImage-700-Portrait~ipad.png ... 
660593 bytes for ./LaunchImage-700-Portrait~ipad.png
copying file ./LaunchImage-700@2x.png ... 
530983 bytes for ./LaunchImage-700@2x.png
copying file ./LaunchImage-800-667h@2x.png ... 
2018-01-22 21:40:27 +0000  802413 bytes for ./LaunchImage-800-667h@2x.png
copying file ./LaunchImage-800-Landscape-736h@3x.png ... 
2018-01-22 21:40:27 +0000  1060375 bytes for ./LaunchImage-800-Landscape-736h@3x.png
copying file ./LaunchImage-800-Portrait-736h@3x.png ... 
1285174 bytes for ./LaunchImage-800-Portrait-736h@3x.png
copying file ./modules/ui/images/badge.png ... 
1130 bytes for ./modules/ui/images/badge.png
copying file ./modules/ui/images/closeButton.png ... 
2018-01-22 21:40:27 +0000  361 bytes for ./modules/ui/images/closeButton.png
copying file ./modules/ui/images/photoDefault.png ... 
3126 bytes for ./modules/ui/images/photoDefault.png
copying file ./PkgInfo ... 
8 bytes for ./PkgInfo
copying file ./ti.cloud/LICENSE ... 
122 bytes for ./ti.cloud/LICENSE
copying file ./ti.cloud/manifest ... 
492 bytes for ./ti.cloud/manifest
copying file ./ti.cloud/package.json ... 
172 bytes for ./ti.cloud/package.json
copying file ./WebCUNOP ... 
2018-01-22 21:40:27 +0000  10543792 bytes for ./WebCUNOP
2018-01-22 21:40:27 +0000 [MT] /usr/bin/ditto exited with 0
2018-01-22 21:40:27 +0000 [MT] Processing step: IDEDistributionEmbedProfileStep
2018-01-22 21:40:27 +0000 [MT] Processing step: IDEDistributionAppThinningPlistStep
2018-01-22 21:40:27 +0000 [MT] Skipping step: IDEDistributionAppThinningPlistStep because it said so
2018-01-22 21:40:27 +0000 [MT] Processing step: IDEDistributionCompileBitcodeStep
2018-01-22 21:40:27 +0000 [MT] Skipping step: IDEDistributionCompileBitcodeStep because it said so
2018-01-22 21:40:27 +0000 [MT] Processing step: IDEDistributionCodeSlimmingStep
2018-01-22 21:40:27 +0000 [MT] Processing step: IDEDistributionCopyBCSymbolMapsStep
2018-01-22 21:40:27 +0000 [MT] Skipping step: IDEDistributionCopyBCSymbolMapsStep because it said so
2018-01-22 21:40:27 +0000 [MT] Processing step: IDEDistributionSymbolsStep
2018-01-22 21:40:27 +0000 [MT] Skipping step: IDEDistributionSymbolsStep because it said so
2018-01-22 21:40:27 +0000 [MT] Processing step: IDEDistributionAppThinningStep
2018-01-22 21:40:27 +0000 [MT] Skipping step: IDEDistributionAppThinningStep because it said so
2018-01-22 21:40:27 +0000 [MT] Processing step: IDEDistributionODRStep
2018-01-22 21:40:27 +0000 [MT] Processing step: IDEDistributionStripXattrsStep
2018-01-22 21:40:27 +0000 [MT] Running /usr/bin/xattr '-crs' '/var/folders/_5/2zcsntt15ld__mvbthh_mp6c0000gp/T/XcodeDistPipeline.n9O/Root/Payload/WebCUNOP.app'
2018-01-22 21:40:28 +0000 [MT] /usr/bin/xattr exited with 0
2018-01-22 21:40:28 +0000 [MT] Processing step: IDEDistributionCodesignStep
2018-01-22 21:40:28 +0000 [MT] Applying entitlements delta for <IDEDistributionItem: 0x7fc752b31660 'mx.com.mindware.webcunop' '<DVTFilePath:0x7fc7528736d0:'/Users/xavieralfeiran/Documents/Appcelerator_Studio_Workspace/WebCUNOP/build/iphone/WebCUNOP.xcarchive/Products/Applications/WebCUNOP.app'>'> from <IDEiCloudEntitlementsProcessor: 0x7fc75079d4a0>: {
}
2018-01-22 21:40:28 +0000 [MT] Entitlements for <IDEDistributionItem: 0x7fc752b31660 'mx.com.mindware.webcunop' '<DVTFilePath:0x7fc7528736d0:'/Users/xavieralfeiran/Documents/Appcelerator_Studio_Workspace/WebCUNOP/build/iphone/WebCUNOP.xcarchive/Products/Applications/WebCUNOP.app'>'>: {
    "application-identifier" = "R4HPJPM5A3.mx.com.mindware.webcunop";
    "aps-environment" = production;
    "com.apple.developer.team-identifier" = R4HPJPM5A3;
    "get-task-allow" = 0;
    "keychain-access-groups" =     (
        "R4HPJPM5A3.mx.com.mindware.webcunop"
    );
}
2018-01-22 21:40:28 +0000 [MT] Writing entitlements for <IDEDistributionItem: 0x7fc752b31660 'mx.com.mindware.webcunop' '<DVTFilePath:0x7fc7528736d0:'/Users/xavieralfeiran/Documents/Appcelerator_Studio_Workspace/WebCUNOP/build/iphone/WebCUNOP.xcarchive/Products/Applications/WebCUNOP.app'>'> to: /var/folders/_5/2zcsntt15ld__mvbthh_mp6c0000gp/T/XcodeDistPipeline.n9O/entitlementsjcGHvd
2018-01-22 21:40:28 +0000 [MT] Running /usr/bin/codesign '-vvv' '--force' '--sign' 'D290003E637A20770EAA51BC919CEF7A495A4CCE' '--preserve-metadata=identifier,flags' '--entitlements' '/var/folders/_5/2zcsntt15ld__mvbthh_mp6c0000gp/T/XcodeDistPipeline.n9O/entitlementsjcGHvd' '/var/folders/_5/2zcsntt15ld__mvbthh_mp6c0000gp/T/XcodeDistPipeline.n9O/Root/Payload/WebCUNOP.app'
2018-01-22 21:40:28 +0000  /var/folders/_5/2zcsntt15ld__mvbthh_mp6c0000gp/T/XcodeDistPipeline.n9O/Root/Payload/WebCUNOP.app: replacing existing signature
2018-01-22 21:40:28 +0000  /var/folders/_5/2zcsntt15ld__mvbthh_mp6c0000gp/T/XcodeDistPipeline.n9O/Root/Payload/WebCUNOP.app: signed app bundle with Mach-O universal (armv7 arm64) [mx.com.mindware.webcunop]
2018-01-22 21:40:28 +0000 [MT] /usr/bin/codesign exited with 0
2018-01-22 21:40:28 +0000 [MT] Processing step: IDEDistributionStreamingZipItemStep
2018-01-22 21:40:28 +0000 [MT] Skipping step: IDEDistributionStreamingZipItemStep because it said so
2018-01-22 21:40:28 +0000 [MT] Processing step: IDEDistributionCreateIPAStep
2018-01-22 21:40:28 +0000 [MT] Running /usr/bin/ditto '-V' '-c' '-k' '--norsrc' '/var/folders/_5/2zcsntt15ld__mvbthh_mp6c0000gp/T/XcodeDistPipeline.n9O/Root' '/var/folders/_5/2zcsntt15ld__mvbthh_mp6c0000gp/T/XcodeDistPipeline.n9O/Packages/WebCUNOP.ipa'
2018-01-22 21:40:28 +0000  >>> Copying /var/folders/_5/2zcsntt15ld__mvbthh_mp6c0000gp/T/XcodeDistPipeline.n9O/Root 
2018-01-22 21:40:28 +0000  copying file ./Payload/WebCUNOP.app/_CodeSignature/CodeResources ... 
2018-01-22 21:40:28 +0000  11763 bytes for ./Payload/WebCUNOP.app/_CodeSignature/CodeResources
2018-01-22 21:40:28 +0000  copying file ./Payload/WebCUNOP.app/AppIcon29x29@2x.png ... 
2018-01-22 21:40:28 +0000  7177 bytes for ./Payload/WebCUNOP.app/AppIcon29x29@2x.png
copying file ./Payload/WebCUNOP.app/AppIcon29x29@2x~ipad.png ... 
2018-01-22 21:40:28 +0000  7177 bytes for ./Payload/WebCUNOP.app/AppIcon29x29@2x~ipad.png
copying file ./Payload/WebCUNOP.app/AppIcon29x29@3x.png ... 
2018-01-22 21:40:28 +0000  12958 bytes for ./Payload/WebCUNOP.app/AppIcon29x29@3x.png
copying file ./Payload/WebCUNOP.app/AppIcon29x29~ipad.png ... 
2018-01-22 21:40:28 +0000  2576 bytes for ./Payload/WebCUNOP.app/AppIcon29x29~ipad.png
copying file ./Payload/WebCUNOP.app/AppIcon40x40@2x.png ... 
2018-01-22 21:40:28 +0000  11157 bytes for ./Payload/WebCUNOP.app/AppIcon40x40@2x.png
copying file ./Payload/WebCUNOP.app/AppIcon40x40@2x~ipad.png ... 
2018-01-22 21:40:28 +0000  11157 bytes for ./Payload/WebCUNOP.app/AppIcon40x40@2x~ipad.png
copying file ./Payload/WebCUNOP.app/AppIcon40x40@3x.png ... 
2018-01-22 21:40:28 +0000  19550 bytes for ./Payload/WebCUNOP.app/AppIcon40x40@3x.png
copying file ./Payload/WebCUNOP.app/AppIcon40x40~ipad.png ... 
2018-01-22 21:40:28 +0000  4331 bytes for ./Payload/WebCUNOP.app/AppIcon40x40~ipad.png
copying file ./Payload/WebCUNOP.app/AppIcon60x60@2x.png ... 
2018-01-22 21:40:28 +0000  19550 bytes for ./Payload/WebCUNOP.app/AppIcon60x60@2x.png
copying file ./Payload/WebCUNOP.app/AppIcon60x60@3x.png ... 
2018-01-22 21:40:28 +0000  33741 bytes for ./Payload/WebCUNOP.app/AppIcon60x60@3x.png
copying file ./Payload/WebCUNOP.app/AppIcon76x76@2x~ipad.png ... 
2018-01-22 21:40:28 +0000  26447 bytes for ./Payload/WebCUNOP.app/AppIcon76x76@2x~ipad.png
copying file ./Payload/WebCUNOP.app/AppIcon76x76~ipad.png ... 
2018-01-22 21:40:28 +0000  10952 bytes for ./Payload/WebCUNOP.app/AppIcon76x76~ipad.png
copying file ./Payload/WebCUNOP.app/AppIcon83.5x83.5@2x~ipad.png ... 
2018-01-22 21:40:28 +0000  29485 bytes for ./Payload/WebCUNOP.app/AppIcon83.5x83.5@2x~ipad.png
copying file ./Payload/WebCUNOP.app/archived-expanded-entitlements.xcent ... 
2018-01-22 21:40:28 +0000  480 bytes for ./Payload/WebCUNOP.app/archived-expanded-entitlements.xcent
copying file ./Payload/WebCUNOP.app/Assets.car ... 
2018-01-22 21:40:28 +0000  2495016 bytes for ./Payload/WebCUNOP.app/Assets.car
copying file ./Payload/WebCUNOP.app/embedded.mobileprovision ... 
2018-01-22 21:40:28 +0000  9306 bytes for ./Payload/WebCUNOP.app/embedded.mobileprovision
copying file ./Payload/WebCUNOP.app/Info.plist ... 
2018-01-22 21:40:28 +0000  2086 bytes for ./Payload/WebCUNOP.app/Info.plist
copying file ./Payload/WebCUNOP.app/iTunesArtwork ... 
2018-01-22 21:40:28 +0000  111876 bytes for ./Payload/WebCUNOP.app/iTunesArtwork
copying file ./Payload/WebCUNOP.app/iTunesArtwork@2x ... 
2018-01-22 21:40:28 +0000  244698 bytes for ./Payload/WebCUNOP.app/iTunesArtwork@2x
copying file ./Payload/WebCUNOP.app/LaunchImage-700-568h@2x.png ... 
2018-01-22 21:40:28 +0000  610850 bytes for ./Payload/WebCUNOP.app/LaunchImage-700-568h@2x.png
copying file ./Payload/WebCUNOP.app/LaunchImage-700-Portrait@2x~ipad.png ... 
2018-01-22 21:40:28 +0000  1133701 bytes for ./Payload/WebCUNOP.app/LaunchImage-700-Portrait@2x~ipad.png
copying file ./Payload/WebCUNOP.app/LaunchImage-700-Portrait~ipad.png ... 
2018-01-22 21:40:28 +0000  660593 bytes for ./Payload/WebCUNOP.app/LaunchImage-700-Portrait~ipad.png
copying file ./Payload/WebCUNOP.app/LaunchImage-700@2x.png ... 
2018-01-22 21:40:28 +0000  530983 bytes for ./Payload/WebCUNOP.app/LaunchImage-700@2x.png
copying file ./Payload/WebCUNOP.app/LaunchImage-800-667h@2x.png ... 
2018-01-22 21:40:28 +0000  802413 bytes for ./Payload/WebCUNOP.app/LaunchImage-800-667h@2x.png
copying file ./Payload/WebCUNOP.app/LaunchImage-800-Landscape-736h@3x.png ... 
2018-01-22 21:40:28 +0000  1060375 bytes for ./Payload/WebCUNOP.app/LaunchImage-800-Landscape-736h@3x.png
copying file ./Payload/WebCUNOP.app/LaunchImage-800-Portrait-736h@3x.png ... 
2018-01-22 21:40:28 +0000  1285174 bytes for ./Payload/WebCUNOP.app/LaunchImage-800-Portrait-736h@3x.png
2018-01-22 21:40:28 +0000  copying file ./Payload/WebCUNOP.app/modules/ui/images/badge.png ... 
2018-01-22 21:40:28 +0000  1130 bytes for ./Payload/WebCUNOP.app/modules/ui/images/badge.png
copying file ./Payload/WebCUNOP.app/modules/ui/images/closeButton.png ... 
2018-01-22 21:40:28 +0000  361 bytes for ./Payload/WebCUNOP.app/modules/ui/images/closeButton.png
copying file ./Payload/WebCUNOP.app/modules/ui/images/photoDefault.png ... 
2018-01-22 21:40:28 +0000  3126 bytes for ./Payload/WebCUNOP.app/modules/ui/images/photoDefault.png
2018-01-22 21:40:28 +0000  copying file ./Payload/WebCUNOP.app/PkgInfo ... 
2018-01-22 21:40:28 +0000  8 bytes for ./Payload/WebCUNOP.app/PkgInfo
copying file ./Payload/WebCUNOP.app/ti.cloud/LICENSE ... 
2018-01-22 21:40:28 +0000  122 bytes for ./Payload/WebCUNOP.app/ti.cloud/LICENSE
copying file ./Payload/WebCUNOP.app/ti.cloud/manifest ... 
2018-01-22 21:40:28 +0000  492 bytes for ./Payload/WebCUNOP.app/ti.cloud/manifest
copying file ./Payload/WebCUNOP.app/ti.cloud/package.json ... 
172 bytes for ./Payload/WebCUNOP.app/ti.cloud/package.json
2018-01-22 21:40:28 +0000  copying file ./Payload/WebCUNOP.app/WebCUNOP ... 
2018-01-22 21:40:29 +0000  10543792 bytes for ./Payload/WebCUNOP.app/WebCUNOP
2018-01-22 21:40:29 +0000 [MT] /usr/bin/ditto exited with 0
2018-01-22 21:40:29 +0000 [MT] Processing step: IDEDistributionCreateManifestStep
